f:\52640\guiversion\codeanalyzerex\analyzer\x64\debug\analyzer.pdb
f:\52640\guiversion\codeanalyzerex\analyzer\x64\debug\analyzer.idb
f:\52640\guiversion\codeanalyzerex\analyzer\x64\debug\abstrsyntree.obj
f:\52640\guiversion\codeanalyzerex\analyzer\x64\debug\filemgr.obj
f:\52640\guiversion\codeanalyzerex\analyzer\x64\debug\filesystem.obj
f:\52640\guiversion\codeanalyzerex\analyzer\x64\debug\grammarhelpers.obj
f:\52640\guiversion\codeanalyzerex\analyzer\x64\debug\logger.obj
f:\52640\guiversion\codeanalyzerex\analyzer\x64\debug\actionsandrules.obj
f:\52640\guiversion\codeanalyzerex\analyzer\x64\debug\configureparser.obj
f:\52640\guiversion\codeanalyzerex\analyzer\x64\debug\parser.obj
f:\52640\guiversion\codeanalyzerex\analyzer\x64\debug\scopestack.obj
f:\52640\guiversion\codeanalyzerex\analyzer\x64\debug\semiexp.obj
f:\52640\guiversion\codeanalyzerex\analyzer\x64\debug\tokenizer.obj
f:\52640\guiversion\codeanalyzerex\analyzer\x64\debug\utilities.obj
f:\52640\guiversion\codeanalyzerex\analyzer\x64\debug\executive.obj
f:\52640\guiversion\codeanalyzerex\x64\debug\analyzer.lib
f:\52640\guiversion\codeanalyzerex\analyzer\x64\debug\executive.vcxprojresolveassemblyreference.cache
f:\52640\guiversion\codeanalyzerex\x64\debug\analyzer.pdb
f:\52640\guiversion\codeanalyzerex\analyzer\x64\debug\analyzer.tlog\cl.command.1.tlog
f:\52640\guiversion\codeanalyzerex\analyzer\x64\debug\analyzer.tlog\cl.read.1.tlog
f:\52640\guiversion\codeanalyzerex\analyzer\x64\debug\analyzer.tlog\cl.write.1.tlog
f:\52640\guiversion\codeanalyzerex\analyzer\x64\debug\analyzer.tlog\lib-link.read.1.tlog
f:\52640\guiversion\codeanalyzerex\analyzer\x64\debug\analyzer.tlog\lib-link.write.1.tlog
f:\52640\guiversion\codeanalyzerex\analyzer\x64\debug\analyzer.tlog\lib.command.1.tlog
