f:\52640\guiversion\codeanalyzerex\parser\x64\debug\vc140.pdb
f:\52640\guiversion\codeanalyzerex\parser\x64\debug\vc140.idb
f:\52640\guiversion\codeanalyzerex\parser\x64\debug\abstrsyntree.obj
f:\52640\guiversion\codeanalyzerex\parser\x64\debug\filesystem.obj
f:\52640\guiversion\codeanalyzerex\parser\x64\debug\grammarhelpers.obj
f:\52640\guiversion\codeanalyzerex\parser\x64\debug\logger.obj
f:\52640\guiversion\codeanalyzerex\parser\x64\debug\scopestack.obj
f:\52640\guiversion\codeanalyzerex\parser\x64\debug\semiexp.obj
f:\52640\guiversion\codeanalyzerex\parser\x64\debug\tokenizer.obj
f:\52640\guiversion\codeanalyzerex\parser\x64\debug\utilities.obj
f:\52640\guiversion\codeanalyzerex\parser\x64\debug\actionsandrules.obj
f:\52640\guiversion\codeanalyzerex\parser\x64\debug\configureparser.obj
f:\52640\guiversion\codeanalyzerex\parser\x64\debug\parser.obj
f:\52640\guiversion\codeanalyzerex\x64\debug\parser.ilk
f:\52640\guiversion\codeanalyzerex\x64\debug\parser.exe
f:\52640\guiversion\codeanalyzerex\x64\debug\parser.pdb
f:\52640\guiversion\codeanalyzerex\parser\x64\debug\parser.tlog\cl.command.1.tlog
f:\52640\guiversion\codeanalyzerex\parser\x64\debug\parser.tlog\cl.read.1.tlog
f:\52640\guiversion\codeanalyzerex\parser\x64\debug\parser.tlog\cl.write.1.tlog
f:\52640\guiversion\codeanalyzerex\parser\x64\debug\parser.tlog\link.command.1.tlog
f:\52640\guiversion\codeanalyzerex\parser\x64\debug\parser.tlog\link.read.1.tlog
f:\52640\guiversion\codeanalyzerex\parser\x64\debug\parser.tlog\link.write.1.tlog
